[2023-08-14 15:11:31:510][Test worker] INFO  c.n.n.a.p.AuthControllerTest - Starting AuthControllerTest using Java 17.0.8 with PID 13394 (started by hwan in /Users/hwan/naaga/2023-naaga/backend)
[2023-08-14 15:11:31:516][Test worker] INFO  c.n.n.a.p.AuthControllerTest - No active profile set, falling back to 1 default profile: "default"
[2023-08-14 15:11:31:959][Test worker] INFO  o.s.d.r.c.RepositoryConfigurationDelegate - Bootstrapping Spring Data JPA repositories in DEFAULT mode.
[2023-08-14 15:11:31:996][Test worker] INFO  o.s.d.r.c.RepositoryConfigurationDelegate - Finished Spring Data repository scanning in 32 ms. Found 6 JPA repository interfaces.
[2023-08-14 15:11:32:1906][Test worker] INFO  o.s.b.w.e.tomcat.TomcatWebServer - Tomcat initialized with port(s): 0 (http)
[2023-08-14 15:11:32:1912][Test worker] INFO  o.a.coyote.http11.Http11NioProtocol - Initializing ProtocolHandler ["http-nio-auto-1"]
[2023-08-14 15:11:32:1915][Test worker] INFO  o.a.catalina.core.StandardService - Starting service [Tomcat]
[2023-08-14 15:11:32:1915][Test worker] INFO  o.a.catalina.core.StandardEngine - Starting Servlet engine: [Apache Tomcat/10.1.10]
[2023-08-14 15:11:32:1985][Test worker] INFO  o.a.c.c.C.[Tomcat].[localhost].[/] - Initializing Spring embedded WebApplicationContext
[2023-08-14 15:11:32:1986][Test worker] INFO  o.s.b.w.s.c.ServletWebServerApplicationContext - Root WebApplicationContext: initialization completed in 1355 ms
[2023-08-14 15:11:32:2009][Test worker] INFO  com.zaxxer.hikari.HikariDataSource - HikariPool-1 - Starting...
[2023-08-14 15:11:33:2118][Test worker] INFO  com.zaxxer.hikari.pool.HikariPool - HikariPool-1 - Added connection conn0: url=jdbc:h2:mem:testdb user=SA
[2023-08-14 15:11:33:2121][Test worker] INFO  com.zaxxer.hikari.HikariDataSource - HikariPool-1 - Start completed.
[2023-08-14 15:11:33:2131][Test worker] INFO  o.s.b.a.h.H2ConsoleAutoConfiguration - H2 console available at '/h2-console'. Database available at 'jdbc:h2:mem:testdb'
[2023-08-14 15:11:33:2235][Test worker] INFO  o.h.jpa.internal.util.LogHelper - HHH000204: Processing PersistenceUnitInfo [name: default]
[2023-08-14 15:11:33:2270][Test worker] INFO  org.hibernate.Version - HHH000412: Hibernate ORM core version 6.2.5.Final
[2023-08-14 15:11:33:2271][Test worker] INFO  org.hibernate.cfg.Environment - HHH000406: Using bytecode reflection optimizer
[2023-08-14 15:11:33:2352][Test worker] INFO  o.h.b.i.BytecodeProviderInitiator - HHH000021: Bytecode provider name : bytebuddy
[2023-08-14 15:11:33:2359][Test worker] INFO  o.s.o.j.p.SpringPersistenceUnitInfo - No LoadTimeWeaver setup: ignoring JPA class transformer
[2023-08-14 15:11:33:2499][Test worker] INFO  o.h.b.i.BytecodeProviderInitiator - HHH000021: Bytecode provider name : bytebuddy
[2023-08-14 15:11:33:2803][Test worker] INFO  o.h.e.t.j.p.i.JtaPlatformInitiator - HHH000490: Using JtaPlatform implementation: [org.hibernate.engine.transaction.jta.platform.internal.NoJtaPlatform]
[2023-08-14 15:11:33:2886][Test worker] INFO  o.s.o.j.LocalContainerEntityManagerFactoryBean - Initialized JPA EntityManagerFactory for persistence unit 'default'
[2023-08-14 15:11:34:3212][Test worker] INFO  o.s.o.j.LocalContainerEntityManagerFactoryBean - Closing JPA EntityManagerFactory for persistence unit 'default'
[2023-08-14 15:11:34:3219][Test worker] INFO  com.zaxxer.hikari.HikariDataSource - HikariPool-1 - Shutdown initiated...
[2023-08-14 15:11:34:3220][Test worker] INFO  com.zaxxer.hikari.HikariDataSource - HikariPool-1 - Shutdown completed.
[2023-08-14 15:11:34:3221][Test worker] INFO  o.a.catalina.core.StandardService - Stopping service [Tomcat]
[2023-08-14 15:11:34:3230][Test worker] INFO  o.s.b.a.l.ConditionEvaluationReportLogger - 

Error starting ApplicationContext. To display the condition evaluation report re-run your application with 'debug' enabled.
